0 info it worked if it ends with ok
1 verbose cli [ '/usr/local/bin/node',
1 verbose cli   '/usr/local/bin/npm',
1 verbose cli   'version',
1 verbose cli   'socket.io' ]
2 info using npm@1.4.28
3 info using node@v0.10.32
4 error version No package.json found
5 error Error: ENOENT, open '/home/ecastro/TELESUR/composer/Telesur/server/package.json'
6 error If you need help, you may report this *entire* log,
6 error including the npm and node versions, at:
6 error     <http://github.com/npm/npm/issues>
7 error System Linux 3.2.0-4-686-pae
8 error command "/usr/local/bin/node" "/usr/local/bin/npm" "version" "socket.io"
9 error cwd /home/ecastro/TELESUR/composer/Telesur/server
10 error node -v v0.10.32
11 error npm -v 1.4.28
12 error path /home/ecastro/TELESUR/composer/Telesur/server/package.json
13 error code ENOENT
14 error errno 34
15 verbose exit [ 34, true ]
